# JRE version: Java(TM) SE Runtime Environment (16.0.1+9) (build 16.0.1+9-24)
# Java VM: Java HotSpot(TM) 64-Bit Server VM (16.0.1+9-24, mixed mode, sharing, tiered, compressed oops, compressed class ptrs, g1 gc, windows-amd64)
GC Precious Log:
 CPUs: 16 total, 16 available
 Memory: 15789M
 Large Page Support: Disabled
 NUMA Support: Disabled
 Compressed Oops: Enabled (Zero based)
 Heap Region Size: 2M
 Heap Min Capacity: 8M
 Heap Initial Capacity: 248M
 Heap Max Capacity: 3948M
 Pre-touch: Disabled
 Parallel Workers: 13
 Concurrent Workers: 3
 Concurrent Refinement Workers: 13
 Periodic GC: Disabled
Heap:
 garbage-first heap   total 14336K, used 2239K [0x0000000709400000, 0x0000000800000000)
  region size 2048K, 1 young (2048K), 0 survivors (0K)
 Metaspace       used 6524K, committed 6656K, reserved 1056768K
  class space    used 606K, committed 704K, reserved 1048576K
GC Heap History (8 events):
Event: 88.735 GC heap before
{Heap before GC invocations=0 (full 0):
 garbage-first heap   total 253952K, used 22528K [0x0000000709400000, 0x0000000800000000)
  region size 2048K, 11 young (22528K), 0 survivors (0K)
 Metaspace       used 6318K, committed 6528K, reserved 1056768K
  class space    used 589K, committed 704K, reserved 1048576K
}
Event: 88.739 GC heap after
{Heap after GC invocations=1 (full 0):
 garbage-first heap   total 253952K, used 2290K [0x0000000709400000, 0x0000000800000000)
  region size 2048K, 2 young (4096K), 2 survivors (4096K)
 Metaspace       used 6318K, committed 6528K, reserved 1056768K
  class space    used 589K, committed 704K, reserved 1048576K
}
Event: 141.124 GC heap before
{Heap before GC invocations=1 (full 0):
 garbage-first heap   total 253952K, used 4338K [0x0000000709400000, 0x0000000800000000)
  region size 2048K, 4 young (8192K), 2 survivors (4096K)
 Metaspace       used 6393K, committed 6592K, reserved 1056768K
  class space    used 594K, committed 704K, reserved 1048576K
}
Event: 141.133 GC heap after
{Heap after GC invocations=2 (full 1):
 garbage-first heap   total 28672K, used 2274K [0x0000000709400000, 0x0000000800000000)
  region size 2048K, 0 young (0K), 0 survivors (0K)
 Metaspace       used 6393K, committed 6592K, reserved 1056768K
  class space    used 594K, committed 704K, reserved 1048576K
}
Event: 141.161 GC heap before
{Heap before GC invocations=2 (full 1):
 garbage-first heap   total 28672K, used 2274K [0x0000000709400000, 0x0000000800000000)
  region size 2048K, 1 young (2048K), 0 survivors (0K)
 Metaspace       used 6398K, committed 6592K, reserved 1056768K
  class space    used 595K, committed 704K, reserved 1048576K
}
Event: 141.175 GC heap after
{Heap after GC invocations=3 (full 2):
 garbage-first heap   total 14336K, used 2256K [0x0000000709400000, 0x0000000800000000)
  region size 2048K, 0 young (0K), 0 survivors (0K)
 Metaspace       used 6398K, committed 6592K, reserved 1056768K
  class space    used 595K, committed 704K, reserved 1048576K
}
Event: 141.516 GC heap before
{Heap before GC invocations=3 (full 2):
 garbage-first heap   total 14336K, used 2256K [0x0000000709400000, 0x0000000800000000)
  region size 2048K, 1 young (2048K), 0 survivors (0K)
 Metaspace       used 6480K, committed 6656K, reserved 1056768K
  class space    used 601K, committed 704K, reserved 1048576K
}
Event: 141.530 GC heap after
{Heap after GC invocations=4 (full 3):
 garbage-first heap   total 14336K, used 2237K [0x0000000709400000, 0x0000000800000000)
  region size 2048K, 0 young (0K), 0 survivors (0K)
 Metaspace       used 6480K, committed 6656K, reserved 1056768K
  class space    used 601K, committed 704K, reserved 1048576K
}

