# JRE version: Java(TM) SE Runtime Environment (16.0.1+9) (build 16.0.1+9-24)
# Java VM: Java HotSpot(TM) 64-Bit Server VM (16.0.1+9-24, mixed mode, sharing, tiered, compressed oops, compressed class ptrs, g1 gc, windows-amd64)
GC Precious Log:
 CPUs: 16 total, 16 available
 Memory: 15789M
 Large Page Support: Disabled
 NUMA Support: Disabled
 Compressed Oops: Enabled (Zero based)
 Heap Region Size: 2M
 Heap Min Capacity: 8M
 Heap Initial Capacity: 248M
 Heap Max Capacity: 3948M
 Pre-touch: Disabled
 Parallel Workers: 13
 Concurrent Workers: 3
 Concurrent Refinement Workers: 13
 Periodic GC: Disabled
Heap:
 garbage-first heap   total 14336K, used 2159K [0x0000000709400000, 0x0000000800000000)
  region size 2048K, 1 young (2048K), 0 survivors (0K)
 Metaspace       used 6361K, committed 6464K, reserved 1056768K
  class space    used 592K, committed 640K, reserved 1048576K
GC Heap History (8 events):
Event: 29.742 GC heap before
{Heap before GC invocations=0 (full 0):
 garbage-first heap   total 253952K, used 22528K [0x0000000709400000, 0x0000000800000000)
  region size 2048K, 11 young (22528K), 0 survivors (0K)
 Metaspace       used 6220K, committed 6336K, reserved 1056768K
  class space    used 579K, committed 640K, reserved 1048576K
}
Event: 29.745 GC heap after
{Heap after GC invocations=1 (full 0):
 garbage-first heap   total 253952K, used 2246K [0x0000000709400000, 0x0000000800000000)
  region size 2048K, 2 young (4096K), 2 survivors (4096K)
 Metaspace       used 6220K, committed 6336K, reserved 1056768K
  class space    used 579K, committed 640K, reserved 1048576K
}
Event: 34.763 GC heap before
{Heap before GC invocations=1 (full 0):
 garbage-first heap   total 253952K, used 2246K [0x0000000709400000, 0x0000000800000000)
  region size 2048K, 3 young (6144K), 2 survivors (4096K)
 Metaspace       used 6232K, committed 6336K, reserved 1056768K
  class space    used 580K, committed 640K, reserved 1048576K
}
Event: 34.768 GC heap after
{Heap after GC invocations=2 (full 1):
 garbage-first heap   total 20480K, used 2174K [0x0000000709400000, 0x0000000800000000)
  region size 2048K, 0 young (0K), 0 survivors (0K)
 Metaspace       used 6232K, committed 6336K, reserved 1056768K
  class space    used 580K, committed 640K, reserved 1048576K
}
Event: 34.778 GC heap before
{Heap before GC invocations=2 (full 1):
 garbage-first heap   total 20480K, used 2174K [0x0000000709400000, 0x0000000800000000)
  region size 2048K, 1 young (2048K), 0 survivors (0K)
 Metaspace       used 6237K, committed 6400K, reserved 1056768K
  class space    used 581K, committed 640K, reserved 1048576K
}
Event: 34.784 GC heap after
{Heap after GC invocations=3 (full 2):
 garbage-first heap   total 14336K, used 2174K [0x0000000709400000, 0x0000000800000000)
  region size 2048K, 0 young (0K), 0 survivors (0K)
 Metaspace       used 6237K, committed 6400K, reserved 1056768K
  class space    used 581K, committed 640K, reserved 1048576K
}
Event: 34.859 GC heap before
{Heap before GC invocations=3 (full 2):
 garbage-first heap   total 14336K, used 2174K [0x0000000709400000, 0x0000000800000000)
  region size 2048K, 1 young (2048K), 0 survivors (0K)
 Metaspace       used 6318K, committed 6464K, reserved 1056768K
  class space    used 587K, committed 640K, reserved 1048576K
}
Event: 34.865 GC heap after
{Heap after GC invocations=4 (full 3):
 garbage-first heap   total 14336K, used 2158K [0x0000000709400000, 0x0000000800000000)
  region size 2048K, 0 young (0K), 0 survivors (0K)
 Metaspace       used 6318K, committed 6464K, reserved 1056768K
  class space    used 587K, committed 640K, reserved 1048576K
}

