# JRE version: Java(TM) SE Runtime Environment (16.0.1+9) (build 16.0.1+9-24)
# Java VM: Java HotSpot(TM) 64-Bit Server VM (16.0.1+9-24, mixed mode, sharing, tiered, compressed oops, compressed class ptrs, g1 gc, windows-amd64)
GC Precious Log:
 CPUs: 16 total, 16 available
 Memory: 15789M
 Large Page Support: Disabled
 NUMA Support: Disabled
 Compressed Oops: Enabled (Zero based)
 Heap Region Size: 2M
 Heap Min Capacity: 8M
 Heap Initial Capacity: 248M
 Heap Max Capacity: 3948M
 Pre-touch: Disabled
 Parallel Workers: 13
 Concurrent Workers: 3
 Concurrent Refinement Workers: 13
 Periodic GC: Disabled
Heap:
 garbage-first heap   total 8192K, used 1835K [0x0000000709400000, 0x0000000800000000)
  region size 2048K, 1 young (2048K), 0 survivors (0K)
 Metaspace       used 5392K, committed 5568K, reserved 1056768K
  class space    used 473K, committed 576K, reserved 1048576K
GC Heap History (7 events):
Event: 6.465 GC heap before
{Heap before GC invocations=0 (full 0):
 garbage-first heap   total 253952K, used 12288K [0x0000000709400000, 0x0000000800000000)
  region size 2048K, 7 young (14336K), 0 survivors (0K)
 Metaspace       used 5253K, committed 5440K, reserved 1056768K
  class space    used 462K, committed 576K, reserved 1048576K
}
Event: 6.469 GC heap after
{Heap after GC invocations=1 (full 1):
 garbage-first heap   total 34816K, used 1865K [0x0000000709400000, 0x0000000800000000)
  region size 2048K, 0 young (0K), 0 survivors (0K)
 Metaspace       used 5253K, committed 5440K, reserved 1056768K
  class space    used 462K, committed 576K, reserved 1048576K
}
Event: 6.476 GC heap before
{Heap before GC invocations=1 (full 1):
 garbage-first heap   total 34816K, used 1865K [0x0000000709400000, 0x0000000800000000)
  region size 2048K, 1 young (2048K), 0 survivors (0K)
 Metaspace       used 5264K, committed 5440K, reserved 1056768K
  class space    used 463K, committed 576K, reserved 1048576K
}
Event: 6.481 GC heap after
{Heap after GC invocations=2 (full 2):
 garbage-first heap   total 8192K, used 1851K [0x0000000709400000, 0x0000000800000000)
  region size 2048K, 0 young (0K), 0 survivors (0K)
 Metaspace       used 5264K, committed 5440K, reserved 1056768K
  class space    used 463K, committed 576K, reserved 1048576K
}
Event: 6.568 GC heap before
{Heap before GC invocations=2 (full 2):
 garbage-first heap   total 8192K, used 1851K [0x0000000709400000, 0x0000000800000000)
  region size 2048K, 1 young (2048K), 0 survivors (0K)
 Metaspace       used 5349K, committed 5568K, reserved 1056768K
  class space    used 468K, committed 576K, reserved 1048576K
}
Event: 6.572 GC heap after
{Heap after GC invocations=3 (full 3):
 garbage-first heap   total 8192K, used 1833K [0x0000000709400000, 0x0000000800000000)
  region size 2048K, 0 young (0K), 0 survivors (0K)
 Metaspace       used 5349K, committed 5568K, reserved 1056768K
  class space    used 468K, committed 576K, reserved 1048576K
}
Event: 6.574 GC heap before
{Heap before GC invocations=3 (full 3):
 garbage-first heap   total 8192K, used 1833K [0x0000000709400000, 0x0000000800000000)
  region size 2048K, 1 young (2048K), 0 survivors (0K)
 Metaspace       used 5392K, committed 5568K, reserved 1056768K
  class space    used 473K, committed 576K, reserved 1048576K
}

