# JRE version: Java(TM) SE Runtime Environment (16.0.1+9) (build 16.0.1+9-24)
# Java VM: Java HotSpot(TM) 64-Bit Server VM (16.0.1+9-24, mixed mode, sharing, tiered, compressed oops, compressed class ptrs, g1 gc, windows-amd64)
GC Precious Log:
 CPUs: 16 total, 16 available
 Memory: 15789M
 Large Page Support: Disabled
 NUMA Support: Disabled
 Compressed Oops: Enabled (Zero based)
 Heap Region Size: 2M
 Heap Min Capacity: 8M
 Heap Initial Capacity: 248M
 Heap Max Capacity: 3948M
 Pre-touch: Disabled
 Parallel Workers: 13
 Concurrent Workers: 3
 Concurrent Refinement Workers: 13
 Periodic GC: Disabled
Heap:
 garbage-first heap   total 14336K, used 2207K [0x0000000709400000, 0x0000000800000000)
  region size 2048K, 1 young (2048K), 0 survivors (0K)
 Metaspace       used 6452K, committed 6656K, reserved 1056768K
  class space    used 602K, committed 704K, reserved 1048576K
GC Heap History (8 events):
Event: 15.088 GC heap before
{Heap before GC invocations=0 (full 0):
 garbage-first heap   total 253952K, used 20480K [0x0000000709400000, 0x0000000800000000)
  region size 2048K, 11 young (22528K), 0 survivors (0K)
 Metaspace       used 6309K, committed 6528K, reserved 1056768K
  class space    used 589K, committed 704K, reserved 1048576K
}
Event: 15.092 GC heap after
{Heap after GC invocations=1 (full 0):
 garbage-first heap   total 253952K, used 2301K [0x0000000709400000, 0x0000000800000000)
  region size 2048K, 2 young (4096K), 2 survivors (4096K)
 Metaspace       used 6309K, committed 6528K, reserved 1056768K
  class space    used 589K, committed 704K, reserved 1048576K
}
Event: 21.208 GC heap before
{Heap before GC invocations=1 (full 0):
 garbage-first heap   total 253952K, used 4349K [0x0000000709400000, 0x0000000800000000)
  region size 2048K, 4 young (8192K), 2 survivors (4096K)
 Metaspace       used 6319K, committed 6528K, reserved 1056768K
  class space    used 590K, committed 704K, reserved 1048576K
}
Event: 21.217 GC heap after
{Heap after GC invocations=2 (full 1):
 garbage-first heap   total 28672K, used 2234K [0x0000000709400000, 0x0000000800000000)
  region size 2048K, 0 young (0K), 0 survivors (0K)
 Metaspace       used 6319K, committed 6528K, reserved 1056768K
  class space    used 590K, committed 704K, reserved 1048576K
}
Event: 21.236 GC heap before
{Heap before GC invocations=2 (full 1):
 garbage-first heap   total 28672K, used 2234K [0x0000000709400000, 0x0000000800000000)
  region size 2048K, 1 young (2048K), 0 survivors (0K)
 Metaspace       used 6326K, committed 6528K, reserved 1056768K
  class space    used 591K, committed 704K, reserved 1048576K
}
Event: 21.247 GC heap after
{Heap after GC invocations=3 (full 2):
 garbage-first heap   total 14336K, used 2221K [0x0000000709400000, 0x0000000800000000)
  region size 2048K, 0 young (0K), 0 survivors (0K)
 Metaspace       used 6326K, committed 6528K, reserved 1056768K
  class space    used 591K, committed 704K, reserved 1048576K
}
Event: 21.353 GC heap before
{Heap before GC invocations=3 (full 2):
 garbage-first heap   total 14336K, used 2221K [0x0000000709400000, 0x0000000800000000)
  region size 2048K, 1 young (2048K), 0 survivors (0K)
 Metaspace       used 6408K, committed 6592K, reserved 1056768K
  class space    used 597K, committed 704K, reserved 1048576K
}
Event: 21.366 GC heap after
{Heap after GC invocations=4 (full 3):
 garbage-first heap   total 14336K, used 2205K [0x0000000709400000, 0x0000000800000000)
  region size 2048K, 0 young (0K), 0 survivors (0K)
 Metaspace       used 6408K, committed 6592K, reserved 1056768K
  class space    used 597K, committed 704K, reserved 1048576K
}

