# JRE version: Java(TM) SE Runtime Environment (16.0.1+9) (build 16.0.1+9-24)
# Java VM: Java HotSpot(TM) 64-Bit Server VM (16.0.1+9-24, mixed mode, sharing, tiered, compressed oops, compressed class ptrs, g1 gc, windows-amd64)
GC Precious Log:
 CPUs: 16 total, 16 available
 Memory: 15789M
 Large Page Support: Disabled
 NUMA Support: Disabled
 Compressed Oops: Enabled (Zero based)
 Heap Region Size: 2M
 Heap Min Capacity: 8M
 Heap Initial Capacity: 248M
 Heap Max Capacity: 3948M
 Pre-touch: Disabled
 Parallel Workers: 13
 Concurrent Workers: 3
 Concurrent Refinement Workers: 13
 Periodic GC: Disabled
Heap:
 garbage-first heap   total 14336K, used 2161K [0x0000000709400000, 0x0000000800000000)
  region size 2048K, 1 young (2048K), 0 survivors (0K)
 Metaspace       used 6245K, committed 6400K, reserved 1056768K
  class space    used 573K, committed 640K, reserved 1048576K
GC Heap History (8 events):
Event: 33.064 GC heap before
{Heap before GC invocations=0 (full 0):
 garbage-first heap   total 253952K, used 22528K [0x0000000709400000, 0x0000000800000000)
  region size 2048K, 11 young (22528K), 0 survivors (0K)
 Metaspace       used 6088K, committed 6208K, reserved 1056768K
  class space    used 560K, committed 640K, reserved 1048576K
}
Event: 33.067 GC heap after
{Heap after GC invocations=1 (full 0):
 garbage-first heap   total 253952K, used 2264K [0x0000000709400000, 0x0000000800000000)
  region size 2048K, 2 young (4096K), 2 survivors (4096K)
 Metaspace       used 6088K, committed 6208K, reserved 1056768K
  class space    used 560K, committed 640K, reserved 1048576K
}
Event: 64.245 GC heap before
{Heap before GC invocations=1 (full 0):
 garbage-first heap   total 253952K, used 6360K [0x0000000709400000, 0x0000000800000000)
  region size 2048K, 5 young (10240K), 2 survivors (4096K)
 Metaspace       used 6116K, committed 6272K, reserved 1056768K
  class space    used 561K, committed 640K, reserved 1048576K
}
Event: 64.251 GC heap after
{Heap after GC invocations=2 (full 1):
 garbage-first heap   total 34816K, used 2214K [0x0000000709400000, 0x0000000800000000)
  region size 2048K, 0 young (0K), 0 survivors (0K)
 Metaspace       used 6116K, committed 6272K, reserved 1056768K
  class space    used 561K, committed 640K, reserved 1048576K
}
Event: 64.262 GC heap before
{Heap before GC invocations=2 (full 1):
 garbage-first heap   total 34816K, used 2214K [0x0000000709400000, 0x0000000800000000)
  region size 2048K, 1 young (2048K), 0 survivors (0K)
 Metaspace       used 6121K, committed 6272K, reserved 1056768K
  class space    used 562K, committed 640K, reserved 1048576K
}
Event: 64.268 GC heap after
{Heap after GC invocations=3 (full 2):
 garbage-first heap   total 14336K, used 2177K [0x0000000709400000, 0x0000000800000000)
  region size 2048K, 0 young (0K), 0 survivors (0K)
 Metaspace       used 6121K, committed 6272K, reserved 1056768K
  class space    used 562K, committed 640K, reserved 1048576K
}
Event: 64.324 GC heap before
{Heap before GC invocations=3 (full 2):
 garbage-first heap   total 14336K, used 2177K [0x0000000709400000, 0x0000000800000000)
  region size 2048K, 1 young (2048K), 0 survivors (0K)
 Metaspace       used 6202K, committed 6336K, reserved 1056768K
  class space    used 568K, committed 640K, reserved 1048576K
}
Event: 64.330 GC heap after
{Heap after GC invocations=4 (full 3):
 garbage-first heap   total 14336K, used 2160K [0x0000000709400000, 0x0000000800000000)
  region size 2048K, 0 young (0K), 0 survivors (0K)
 Metaspace       used 6202K, committed 6336K, reserved 1056768K
  class space    used 568K, committed 640K, reserved 1048576K
}

