# JRE version: Java(TM) SE Runtime Environment (16.0.1+9) (build 16.0.1+9-24)
# Java VM: Java HotSpot(TM) 64-Bit Server VM (16.0.1+9-24, mixed mode, sharing, tiered, compressed oops, compressed class ptrs, g1 gc, windows-amd64)
GC Precious Log:
 CPUs: 16 total, 16 available
 Memory: 15789M
 Large Page Support: Disabled
 NUMA Support: Disabled
 Compressed Oops: Enabled (Zero based)
 Heap Region Size: 2M
 Heap Min Capacity: 8M
 Heap Initial Capacity: 248M
 Heap Max Capacity: 3948M
 Pre-touch: Disabled
 Parallel Workers: 13
 Concurrent Workers: 3
 Concurrent Refinement Workers: 13
 Periodic GC: Disabled
Heap:
 garbage-first heap   total 14336K, used 2105K [0x0000000709400000, 0x0000000800000000)
  region size 2048K, 1 young (2048K), 0 survivors (0K)
 Metaspace       used 6351K, committed 6464K, reserved 1056768K
  class space    used 591K, committed 640K, reserved 1048576K
GC Heap History (6 events):
Event: 13.183 GC heap before
{Heap before GC invocations=0 (full 0):
 garbage-first heap   total 253952K, used 18432K [0x0000000709400000, 0x0000000800000000)
  region size 2048K, 10 young (20480K), 0 survivors (0K)
 Metaspace       used 6214K, committed 6400K, reserved 1056768K
  class space    used 578K, committed 640K, reserved 1048576K
}
Event: 13.188 GC heap after
{Heap after GC invocations=1 (full 1):
 garbage-first heap   total 34816K, used 2146K [0x0000000709400000, 0x0000000800000000)
  region size 2048K, 0 young (0K), 0 survivors (0K)
 Metaspace       used 6214K, committed 6400K, reserved 1056768K
  class space    used 578K, committed 640K, reserved 1048576K
}
Event: 13.197 GC heap before
{Heap before GC invocations=1 (full 1):
 garbage-first heap   total 34816K, used 2146K [0x0000000709400000, 0x0000000800000000)
  region size 2048K, 1 young (2048K), 0 survivors (0K)
 Metaspace       used 6227K, committed 6400K, reserved 1056768K
  class space    used 580K, committed 640K, reserved 1048576K
}
Event: 13.205 GC heap after
{Heap after GC invocations=2 (full 2):
 garbage-first heap   total 14336K, used 2120K [0x0000000709400000, 0x0000000800000000)
  region size 2048K, 0 young (0K), 0 survivors (0K)
 Metaspace       used 6227K, committed 6400K, reserved 1056768K
  class space    used 580K, committed 640K, reserved 1048576K
}
Event: 13.278 GC heap before
{Heap before GC invocations=2 (full 2):
 garbage-first heap   total 14336K, used 2120K [0x0000000709400000, 0x0000000800000000)
  region size 2048K, 1 young (2048K), 0 survivors (0K)
 Metaspace       used 6307K, committed 6400K, reserved 1056768K
  class space    used 585K, committed 640K, reserved 1048576K
}
Event: 13.284 GC heap after
{Heap after GC invocations=3 (full 3):
 garbage-first heap   total 14336K, used 2102K [0x0000000709400000, 0x0000000800000000)
  region size 2048K, 0 young (0K), 0 survivors (0K)
 Metaspace       used 6307K, committed 6400K, reserved 1056768K
  class space    used 585K, committed 640K, reserved 1048576K
}

